[{"line":2,"elements":[{"start_timestamp":"2022-05-28T08:39:29.562Z","before":[{"result":{"duration":4752000000,"status":"passed"},"match":{"location":"util.Hooks.before()"}}],"line":5,"name":"Check Login Page","description":"","id":"home-page;check-login-page","after":[{"result":{"duration":734000000,"status":"passed"},"match":{"location":"util.Hooks.after()"}}],"type":"scenario","keyword":"Scenario","steps":[{"result":{"duration":1914000000,"status":"passed"},"before":[{"result":{"duration":1000000,"status":"passed"},"match":{"location":"util.Hooks.beforeStep()"}}],"line":6,"name":"Berfin is on Home page","match":{"location":"stepDefinitions.homePageSteps.berfinIsOnHomePage()"},"after":[{"result":{"status":"passed"},"match":{"location":"util.Hooks.afterStep()"}}],"keyword":"Given "},{"result":{"duration":1429000000,"status":"passed"},"before":[{"result":{"status":"passed"},"match":{"location":"util.Hooks.beforeStep()"}}],"line":7,"name":"click Giris Yap card in the top rigt","match":{"location":"stepDefinitions.homePageSteps.clickGirisYapCardInTheTopRigt()"},"after":[{"result":{"duration":1000000,"status":"passed"},"match":{"location":"util.Hooks.afterStep()"}}],"keyword":"When "},{"result":{"duration":11000000,"status":"passed"},"before":[{"result":{"duration":1000000,"status":"passed"},"match":{"location":"util.Hooks.beforeStep()"}}],"line":8,"name":"should see Login Page","match":{"location":"stepDefinitions.homePageSteps.shouldSeeLoginPage()"},"after":[{"result":{"status":"passed"},"match":{"location":"util.Hooks.afterStep()"}}],"keyword":"Then "}],"tags":[{"name":"@LoginPage"},{"name":"@Check"}]},{"start_timestamp":"2022-05-28T08:39:38.561Z","before":[{"result":{"duration":3882000000,"status":"passed"},"match":{"location":"util.Hooks.before()"}}],"line":11,"name":"Check Email Components","description":"","id":"home-page;check-email-components","after":[{"result":{"duration":689000000,"status":"passed"},"match":{"location":"util.Hooks.after()"}}],"type":"scenario","keyword":"Scenario","steps":[{"result":{"duration":18000000,"status":"passed"},"before":[{"result":{"duration":1000000,"status":"passed"},"match":{"location":"util.Hooks.beforeStep()"}}],"line":12,"name":"Berfin is on Login Page","match":{"location":"stepDefinitions.loginPageSteps.berfinIsOnLoginPage()"},"after":[{"result":{"status":"passed"},"match":{"location":"util.Hooks.afterStep()"}}],"keyword":"Given "},{"result":{"duration":1559000000,"status":"passed"},"before":[{"result":{"duration":1000000,"status":"passed"},"match":{"location":"util.Hooks.beforeStep()"}}],"line":13,"name":"click \"E-Posta\" radio button","match":{"arguments":[{"val":"\"E-Posta\"","offset":6}],"location":"stepDefinitions.loginPageSteps.clickRadioButton(java.lang.String)"},"after":[{"result":{"status":"passed"},"match":{"location":"util.Hooks.afterStep()"}}],"keyword":"When "},{"result":{"duration":13000000,"status":"passed"},"before":[{"result":{"status":"passed"},"match":{"location":"util.Hooks.beforeStep()"}}],"line":14,"name":"should see \"GIRIS YAP\" title","match":{"arguments":[{"val":"\"GIRIS YAP\"","offset":11}],"location":"stepDefinitions.loginPageSteps.shouldSeeTitle(java.lang.String)"},"after":[{"result":{"status":"passed"},"match":{"location":"util.Hooks.afterStep()"}}],"keyword":"Then "},{"result":{"duration":113000000,"status":"passed"},"before":[{"result":{"status":"passed"},"match":{"location":"util.Hooks.beforeStep()"}}],"line":15,"name":"should see \"E-Posta\" radio button1","match":{"arguments":[{"val":"\"E-Posta\"","offset":11}],"location":"stepDefinitions.loginPageSteps.shouldSeeRadioButton1(java.lang.String)"},"after":[{"result":{"status":"passed"},"match":{"location":"util.Hooks.afterStep()"}}],"keyword":"Then "},{"result":{"duration":30000000,"status":"passed"},"before":[{"result":{"duration":1000000,"status":"passed"},"match":{"location":"util.Hooks.beforeStep()"}}],"line":16,"name":"should see \"Telefon\" radio button2","match":{"arguments":[{"val":"\"Telefon\"","offset":11}],"location":"stepDefinitions.loginPageSteps.shouldSeeRadioButton2(java.lang.String)"},"after":[{"result":{"status":"passed"},"match":{"location":"util.Hooks.afterStep()"}}],"keyword":"Then "},{"result":{"duration":85000000,"status":"passed"},"before":[{"result":{"duration":1000000,"status":"passed"},"match":{"location":"util.Hooks.beforeStep()"}}],"line":17,"name":"should see \"E-Posta Adresiniz\" text on Email","match":{"arguments":[{"val":"\"E-Posta Adresiniz\"","offset":11}],"location":"stepDefinitions.loginPageSteps.shouldSeeTextOnEmail(java.lang.String)"},"after":[{"result":{"status":"passed"},"match":{"location":"util.Hooks.afterStep()"}}],"keyword":"Then "},{"result":{"duration":109000000,"status":"passed"},"before":[{"result":{"duration":1000000,"status":"passed"},"match":{"location":"util.Hooks.beforeStep()"}}],"line":18,"name":"should see \"Sifreniz\" text on Password","match":{"arguments":[{"val":"\"Sifreniz\"","offset":11}],"location":"stepDefinitions.loginPageSteps.shouldSeeTextOnPassword(java.lang.String)"},"after":[{"result":{"status":"passed"},"match":{"location":"util.Hooks.afterStep()"}}],"keyword":"Then "},{"result":{"duration":40000000,"status":"passed"},"before":[{"result":{"duration":1000000,"status":"passed"},"match":{"location":"util.Hooks.beforeStep()"}}],"line":19,"name":"should see \"Show\" Password Icon","match":{"arguments":[{"val":"\"Show\"","offset":11}],"location":"stepDefinitions.loginPageSteps.shouldSeeShowPasswordIcon(java.lang.String)"},"after":[{"result":{"duration":1000000,"status":"passed"},"match":{"location":"util.Hooks.afterStep()"}}],"keyword":"Then "},{"result":{"duration":29000000,"status":"passed"},"before":[{"result":{"status":"passed"},"match":{"location":"util.Hooks.beforeStep()"}}],"line":20,"name":"should see \"Beni Hatirla\" remember me","match":{"arguments":[{"val":"\"Beni Hatirla\"","offset":11}],"location":"stepDefinitions.loginPageSteps.shouldSeeRememberMe(java.lang.String)"},"after":[{"result":{"duration":1000000,"status":"passed"},"match":{"location":"util.Hooks.afterStep()"}}],"keyword":"Then "},{"result":{"duration":30000000,"status":"passed"},"before":[{"result":{"status":"passed"},"match":{"location":"util.Hooks.beforeStep()"}}],"line":21,"name":"should see \"Sifremi Unuttum\" forgot password","match":{"arguments":[{"val":"\"Sifremi Unuttum\"","offset":11}],"location":"stepDefinitions.loginPageSteps.shouldSeeForgotPassword(java.lang.String)"},"after":[{"result":{"status":"passed"},"match":{"location":"util.Hooks.afterStep()"}}],"keyword":"Then "},{"result":{"duration":29000000,"status":"passed"},"before":[{"result":{"status":"passed"},"match":{"location":"util.Hooks.beforeStep()"}}],"line":22,"name":"should see \"GIRIS YAP\" login button","match":{"arguments":[{"val":"\"GIRIS YAP\"","offset":11}],"location":"stepDefinitions.loginPageSteps.shouldSeeLoginButton(java.lang.String)"},"after":[{"result":{"status":"passed"},"match":{"location":"util.Hooks.afterStep()"}}],"keyword":"Then "}],"tags":[{"name":"@LoginPage"},{"name":"@Email"},{"name":"@Components"}]},{"start_timestamp":"2022-05-28T08:39:45.255Z","before":[{"result":{"duration":3379000000,"status":"passed"},"match":{"location":"util.Hooks.before()"}}],"line":25,"name":"Check Phone Components","description":"","id":"home-page;check-phone-components","after":[{"result":{"duration":741000000,"status":"passed"},"match":{"location":"util.Hooks.after()"}}],"type":"scenario","keyword":"Scenario","steps":[{"result":{"duration":8000000,"status":"passed"},"before":[{"result":{"duration":1000000,"status":"passed"},"match":{"location":"util.Hooks.beforeStep()"}}],"line":26,"name":"Berfin is on Login Page","match":{"location":"stepDefinitions.loginPageSteps.berfinIsOnLoginPage()"},"after":[{"result":{"status":"passed"},"match":{"location":"util.Hooks.afterStep()"}}],"keyword":"Given "},{"result":{"duration":1535000000,"status":"passed"},"before":[{"result":{"duration":1000000,"status":"passed"},"match":{"location":"util.Hooks.beforeStep()"}}],"line":27,"name":"click \"Telefon\" radio button3","match":{"arguments":[{"val":"\"Telefon\"","offset":6}],"location":"stepDefinitions.loginPageSteps.clickPhoneButton3(java.lang.String)"},"after":[{"result":{"duration":1000000,"status":"passed"},"match":{"location":"util.Hooks.afterStep()"}}],"keyword":"When "},{"result":{"duration":9000000,"status":"passed"},"before":[{"result":{"status":"passed"},"match":{"location":"util.Hooks.beforeStep()"}}],"line":28,"name":"should see \"GIRIS YAP\" title","match":{"arguments":[{"val":"\"GIRIS YAP\"","offset":11}],"location":"stepDefinitions.loginPageSteps.shouldSeeTitle(java.lang.String)"},"after":[{"result":{"status":"passed"},"match":{"location":"util.Hooks.afterStep()"}}],"keyword":"Then "},{"result":{"duration":109000000,"status":"passed"},"before":[{"result":{"status":"passed"},"match":{"location":"util.Hooks.beforeStep()"}}],"line":29,"name":"should see \"E-Posta\" radio button1","match":{"arguments":[{"val":"\"E-Posta\"","offset":11}],"location":"stepDefinitions.loginPageSteps.shouldSeeRadioButton1(java.lang.String)"},"after":[{"result":{"status":"passed"},"match":{"location":"util.Hooks.afterStep()"}}],"keyword":"Then "},{"result":{"duration":26000000,"status":"passed"},"before":[{"result":{"duration":1000000,"status":"passed"},"match":{"location":"util.Hooks.beforeStep()"}}],"line":30,"name":"should see \"Telefon\" radio button2","match":{"arguments":[{"val":"\"Telefon\"","offset":11}],"location":"stepDefinitions.loginPageSteps.shouldSeeRadioButton2(java.lang.String)"},"after":[{"result":{"status":"passed"},"match":{"location":"util.Hooks.afterStep()"}}],"keyword":"Then "},{"result":{"duration":70000000,"status":"passed"},"before":[{"result":{"status":"passed"},"match":{"location":"util.Hooks.beforeStep()"}}],"line":31,"name":"should see Phone Text Box","match":{"location":"stepDefinitions.loginPageSteps.shouldSeePhoneTextBox()"},"after":[{"result":{"status":"passed"},"match":{"location":"util.Hooks.afterStep()"}}],"keyword":"Then "},{"result":{"duration":86000000,"status":"passed"},"before":[{"result":{"status":"passed"},"match":{"location":"util.Hooks.beforeStep()"}}],"line":32,"name":"should see \"Sifreniz\" text on Password","match":{"arguments":[{"val":"\"Sifreniz\"","offset":11}],"location":"stepDefinitions.loginPageSteps.shouldSeeTextOnPassword(java.lang.String)"},"after":[{"result":{"status":"passed"},"match":{"location":"util.Hooks.afterStep()"}}],"keyword":"Then "},{"result":{"duration":52000000,"status":"passed"},"before":[{"result":{"status":"passed"},"match":{"location":"util.Hooks.beforeStep()"}}],"line":33,"name":"should see \"Show\" Password Icon","match":{"arguments":[{"val":"\"Show\"","offset":11}],"location":"stepDefinitions.loginPageSteps.shouldSeeShowPasswordIcon(java.lang.String)"},"after":[{"result":{"duration":1000000,"status":"passed"},"match":{"location":"util.Hooks.afterStep()"}}],"keyword":"Then "},{"result":{"duration":43000000,"status":"passed"},"before":[{"result":{"status":"passed"},"match":{"location":"util.Hooks.beforeStep()"}}],"line":34,"name":"should see \"Beni Hatirla\" remember me","match":{"arguments":[{"val":"\"Beni Hatirla\"","offset":11}],"location":"stepDefinitions.loginPageSteps.shouldSeeRememberMe(java.lang.String)"},"after":[{"result":{"status":"passed"},"match":{"location":"util.Hooks.afterStep()"}}],"keyword":"Then "},{"result":{"duration":33000000,"status":"passed"},"before":[{"result":{"status":"passed"},"match":{"location":"util.Hooks.beforeStep()"}}],"line":35,"name":"should see \"Sifremi Unuttum\" forgot password","match":{"arguments":[{"val":"\"Sifremi Unuttum\"","offset":11}],"location":"stepDefinitions.loginPageSteps.shouldSeeForgotPassword(java.lang.String)"},"after":[{"result":{"status":"passed"},"match":{"location":"util.Hooks.afterStep()"}}],"keyword":"Then "},{"result":{"duration":29000000,"status":"passed"},"before":[{"result":{"status":"passed"},"match":{"location":"util.Hooks.beforeStep()"}}],"line":36,"name":"should see \"GIRIS YAP\" login button","match":{"arguments":[{"val":"\"GIRIS YAP\"","offset":11}],"location":"stepDefinitions.loginPageSteps.shouldSeeLoginButton(java.lang.String)"},"after":[{"result":{"status":"passed"},"match":{"location":"util.Hooks.afterStep()"}}],"keyword":"Then "}],"tags":[{"name":"@LoginPage"},{"name":"@Phone"},{"name":"@Components"}]},{"start_timestamp":"2022-05-28T08:39:51.409Z","before":[{"result":{"duration":3575000000,"status":"passed"},"match":{"location":"util.Hooks.before()"}}],"line":46,"name":"Empty Login","description":"","id":"home-page;empty-login;;2","after":[{"result":{"duration":690000000,"status":"passed"},"match":{"location":"util.Hooks.after()"}}],"type":"scenario","keyword":"Scenario Outline","steps":[{"result":{"duration":24000000,"status":"passed"},"before":[{"result":{"status":"passed"},"match":{"location":"util.Hooks.beforeStep()"}}],"line":40,"name":"Berfin is on Login Page","match":{"location":"stepDefinitions.loginPageSteps.berfinIsOnLoginPage()"},"after":[{"result":{"duration":1000000,"status":"passed"},"match":{"location":"util.Hooks.afterStep()"}}],"keyword":"Given "},{"result":{"duration":1465000000,"status":"passed"},"before":[{"result":{"duration":1000000,"status":"passed"},"match":{"location":"util.Hooks.beforeStep()"}}],"line":41,"name":"click login button","match":{"location":"stepDefinitions.loginPageSteps.clickLoginButton()"},"after":[{"result":{"status":"passed"},"match":{"location":"util.Hooks.afterStep()"}}],"keyword":"When "},{"result":{"duration":116000000,"status":"passed"},"before":[{"result":{"duration":1000000,"status":"passed"},"match":{"location":"util.Hooks.beforeStep()"}}],"line":42,"name":"should see \"Lütfen e-posta adresinizi giriniz.\" Email Empty message","match":{"arguments":[{"val":"\"Lütfen e-posta adresinizi giriniz.\"","offset":11}],"location":"stepDefinitions.loginPageSteps.shouldSeeEmailEmptyMessage(java.lang.String)"},"after":[{"result":{"status":"passed"},"match":{"location":"util.Hooks.afterStep()"}}],"keyword":"Then "},{"result":{"duration":42000000,"status":"passed"},"before":[{"result":{"status":"passed"},"match":{"location":"util.Hooks.beforeStep()"}}],"line":43,"name":"should see \"Lütfen şifrenizi giriniz.\" Password Empty message","match":{"arguments":[{"val":"\"Lütfen şifrenizi giriniz.\"","offset":11}],"location":"stepDefinitions.loginPageSteps.shouldSeePasswordEmptyMessage(java.lang.String)"},"after":[{"result":{"status":"passed"},"match":{"location":"util.Hooks.afterStep()"}}],"keyword":"Then "}],"tags":[{"name":"@LoginPage"},{"name":"@Empty"}]},{"start_timestamp":"2022-05-28T08:39:57.357Z","before":[{"result":{"duration":3478000000,"status":"passed"},"match":{"location":"util.Hooks.before()"}}],"line":57,"name":"Empty Password","description":"","id":"home-page;empty-password;;2","after":[{"result":{"duration":707000000,"status":"passed"},"match":{"location":"util.Hooks.after()"}}],"type":"scenario","keyword":"Scenario Outline","steps":[{"result":{"duration":10000000,"status":"passed"},"before":[{"result":{"status":"passed"},"match":{"location":"util.Hooks.beforeStep()"}}],"line":50,"name":"Berfin is on Login Page","match":{"location":"stepDefinitions.loginPageSteps.berfinIsOnLoginPage()"},"after":[{"result":{"status":"passed"},"match":{"location":"util.Hooks.afterStep()"}}],"keyword":"Given "},{"result":{"error_message":"org.openqa.selenium.TimeoutException: Expected condition failed: waiting for presence of element located by: By.cssSelector: input[placeholder='E-Posta Adresiniz'] (tried for 10 second(s) with 500 milliseconds interval)\r\n\tat org.openqa.selenium.support.ui.WebDriverWait.timeoutException(WebDriverWait.java:95)\r\n\tat org.openqa.selenium.support.ui.FluentWait.until(FluentWait.java:272)\r\n\tat util.ElementHelper.presenceElement(ElementHelper.java:174)\r\n\tat util.ElementHelper.findElement(ElementHelper.java:30)\r\n\tat pages.loginPage.writeEmail(loginPage.java:134)\r\n\tat stepDefinitions.loginPageSteps.typeEmail(loginPageSteps.java:118)\r\n\tat ✽.type Email \"enes@mail.com\"(file:///C:/Users/ASUS/Desktop/BootcampEgitim/Odev3/src/test/java/features/homePage.feature:51)\r\nCaused by: org.openqa.selenium.NoSuchElementException: no such element: Unable to locate element: {\"method\":\"css selector\",\"selector\":\"input[placeholder='E-Posta Adresiniz']\"}\n  (Session info: chrome=102.0.5005.61)\nFor documentation on this error, please visit: https://www.seleniumhq.org/exceptions/no_such_element.html\nBuild info: version: '3.141.59', revision: 'e82be7d358', time: '2018-11-14T08:17:03'\nSystem info: host: 'DESKTOP-5LMJ1EQ', ip: '169.254.53.223', os.name: 'Windows 10', os.arch: 'amd64', os.version: '10.0', java.version: '1.8.0_211'\nDriver info: org.openqa.selenium.chrome.ChromeDriver\nCapabilities {acceptInsecureCerts: false, browserName: chrome, browserVersion: 102.0.5005.61, chrome: {chromedriverVersion: 102.0.5005.61 (0e59bcc00cc4..., userDataDir: C:\\Users\\ASUS\\AppData\\Local...}, goog:chromeOptions: {debuggerAddress: localhost:65527}, javascriptEnabled: true, networkConnectionEnabled: false, pageLoadStrategy: normal, platform: WINDOWS, platformName: WINDOWS, proxy: Proxy(), setWindowRect: true, strictFileInteractability: false, timeouts: {implicit: 0, pageLoad: 300000, script: 30000}, unhandledPromptBehavior: dismiss and notify, webauthn:extension:credBlob: true, webauthn:extension:largeBlob: true, webauthn:virtualAuthenticators: true}\nSession ID: 4c6c2ab0743d87fa0bdcaaff09a898eb\n*** Element info: {Using=css selector, value=input[placeholder='E-Posta Adresiniz']}\r\n\tat sun.reflect.NativeConstructorAccessorImpl.newInstance0(Native Method)\r\n\tat sun.reflect.NativeConstructorAccessorImpl.newInstance(NativeConstructorAccessorImpl.java:62)\r\n\tat sun.reflect.DelegatingConstructorAccessorImpl.newInstance(DelegatingConstructorAccessorImpl.java:45)\r\n\tat java.lang.reflect.Constructor.newInstance(Constructor.java:423)\r\n\tat org.openqa.selenium.remote.http.W3CHttpResponseCodec.createException(W3CHttpResponseCodec.java:187)\r\n\tat org.openqa.selenium.remote.http.W3CHttpResponseCodec.decode(W3CHttpResponseCodec.java:122)\r\n\tat org.openqa.selenium.remote.http.W3CHttpResponseCodec.decode(W3CHttpResponseCodec.java:49)\r\n\tat org.openqa.selenium.remote.HttpCommandExecutor.execute(HttpCommandExecutor.java:158)\r\n\tat org.openqa.selenium.remote.service.DriverCommandExecutor.execute(DriverCommandExecutor.java:83)\r\n\tat org.openqa.selenium.remote.RemoteWebDriver.execute(RemoteWebDriver.java:552)\r\n\tat org.openqa.selenium.remote.RemoteWebDriver.findElement(RemoteWebDriver.java:323)\r\n\tat org.openqa.selenium.remote.RemoteWebDriver.findElementByCssSelector(RemoteWebDriver.java:420)\r\n\tat org.openqa.selenium.By$ByCssSelector.findElement(By.java:431)\r\n\tat org.openqa.selenium.remote.RemoteWebDriver.findElement(RemoteWebDriver.java:315)\r\n\tat org.openqa.selenium.support.ui.ExpectedConditions$6.apply(ExpectedConditions.java:182)\r\n\tat org.openqa.selenium.support.ui.ExpectedConditions$6.apply(ExpectedConditions.java:179)\r\n\tat org.openqa.selenium.support.ui.FluentWait.until(FluentWait.java:249)\r\n\tat util.ElementHelper.presenceElement(ElementHelper.java:174)\r\n\tat util.ElementHelper.findElement(ElementHelper.java:30)\r\n\tat pages.loginPage.writeEmail(loginPage.java:134)\r\n\tat stepDefinitions.loginPageSteps.typeEmail(loginPageSteps.java:118)\r\n\tat sun.reflect.NativeMethodAccessorImpl.invoke0(Native Method)\r\n\tat sun.reflect.NativeMethodAccessorImpl.invoke(NativeMethodAccessorImpl.java:62)\r\n\tat sun.reflect.DelegatingMethodAccessorImpl.invoke(DelegatingMethodAccessorImpl.java:43)\r\n\tat java.lang.reflect.Method.invoke(Method.java:498)\r\n\tat io.cucumber.java.Invoker.doInvoke(Invoker.java:66)\r\n\tat io.cucumber.java.Invoker.invoke(Invoker.java:24)\r\n\tat io.cucumber.java.AbstractGlueDefinition.invokeMethod(AbstractGlueDefinition.java:47)\r\n\tat io.cucumber.java.JavaStepDefinition.execute(JavaStepDefinition.java:29)\r\n\tat io.cucumber.core.runner.CoreStepDefinition.execute(CoreStepDefinition.java:66)\r\n\tat io.cucumber.core.runner.PickleStepDefinitionMatch.runStep(PickleStepDefinitionMatch.java:63)\r\n\tat io.cucumber.core.runner.ExecutionMode$1.execute(ExecutionMode.java:10)\r\n\tat io.cucumber.core.runner.TestStep.executeStep(TestStep.java:85)\r\n\tat io.cucumber.core.runner.TestStep.run(TestStep.java:57)\r\n\tat io.cucumber.core.runner.PickleStepTestStep.run(PickleStepTestStep.java:51)\r\n\tat io.cucumber.core.runner.TestCase.run(TestCase.java:84)\r\n\tat io.cucumber.core.runner.Runner.runPickle(Runner.java:75)\r\n\tat io.cucumber.testng.TestNGCucumberRunner.lambda$runScenario$1(TestNGCucumberRunner.java:132)\r\n\tat io.cucumber.core.runtime.CucumberExecutionContext.lambda$runTestCase$5(CucumberExecutionContext.java:129)\r\n\tat io.cucumber.core.runtime.RethrowingThrowableCollector.executeAndThrow(RethrowingThrowableCollector.java:23)\r\n\tat io.cucumber.core.runtime.CucumberExecutionContext.runTestCase(CucumberExecutionContext.java:129)\r\n\tat io.cucumber.testng.TestNGCucumberRunner.runScenario(TestNGCucumberRunner.java:129)\r\n\tat io.cucumber.testng.AbstractTestNGCucumberTests.runScenario(AbstractTestNGCucumberTests.java:35)\r\n\tat sun.reflect.NativeMethodAccessorImpl.invoke0(Native Method)\r\n\tat sun.reflect.NativeMethodAccessorImpl.invoke(NativeMethodAccessorImpl.java:62)\r\n\tat sun.reflect.DelegatingMethodAccessorImpl.invoke(DelegatingMethodAccessorImpl.java:43)\r\n\tat java.lang.reflect.Method.invoke(Method.java:498)\r\n\tat org.testng.internal.invokers.MethodInvocationHelper.invokeMethod(MethodInvocationHelper.java:135)\r\n\tat org.testng.internal.invokers.TestInvoker.invokeMethod(TestInvoker.java:673)\r\n\tat org.testng.internal.invokers.TestInvoker.invokeTestMethod(TestInvoker.java:220)\r\n\tat org.testng.internal.invokers.MethodRunner.runInSequence(MethodRunner.java:50)\r\n\tat org.testng.internal.invokers.TestInvoker$MethodInvocationAgent.invoke(TestInvoker.java:945)\r\n\tat org.testng.internal.invokers.TestInvoker.invokeTestMethods(TestInvoker.java:193)\r\n\tat org.testng.internal.invokers.TestMethodWorker.invokeTestMethods(TestMethodWorker.java:146)\r\n\tat org.testng.internal.invokers.TestMethodWorker.run(TestMethodWorker.java:128)\r\n\tat java.util.ArrayList.forEach(ArrayList.java:1257)\r\n\tat org.testng.TestRunner.privateRun(TestRunner.java:808)\r\n\tat org.testng.TestRunner.run(TestRunner.java:603)\r\n\tat org.testng.SuiteRunner.runTest(SuiteRunner.java:429)\r\n\tat org.testng.SuiteRunner.runSequentially(SuiteRunner.java:423)\r\n\tat org.testng.SuiteRunner.privateRun(SuiteRunner.java:383)\r\n\tat org.testng.SuiteRunner.run(SuiteRunner.java:326)\r\n\tat org.testng.SuiteRunnerWorker.runSuite(SuiteRunnerWorker.java:52)\r\n\tat org.testng.SuiteRunnerWorker.run(SuiteRunnerWorker.java:95)\r\n\tat org.testng.TestNG.runSuitesSequentially(TestNG.java:1249)\r\n\tat org.testng.TestNG.runSuitesLocally(TestNG.java:1169)\r\n\tat org.testng.TestNG.runSuites(TestNG.java:1092)\r\n\tat org.testng.TestNG.run(TestNG.java:1060)\r\n\tat com.intellij.rt.testng.IDEARemoteTestNG.run(IDEARemoteTestNG.java:66)\r\n\tat com.intellij.rt.testng.RemoteTestNGStarter.main(RemoteTestNGStarter.java:109)\r\n","duration":10611000000,"status":"failed"},"before":[{"result":{"status":"passed"},"match":{"location":"util.Hooks.beforeStep()"}}],"line":51,"name":"type Email \"enes@mail.com\"","match":{"arguments":[{"val":"\"enes@mail.com\"","offset":11}],"location":"stepDefinitions.loginPageSteps.typeEmail(java.lang.String)"},"after":[{"result":{"status":"passed"},"match":{"location":"util.Hooks.afterStep()"}}],"keyword":"When "},{"result":{"status":"skipped"},"before":[{"result":{"status":"skipped"},"match":{"location":"util.Hooks.beforeStep()"}}],"line":52,"name":"click login button","match":{"location":"stepDefinitions.loginPageSteps.clickLoginButton()"},"after":[{"result":{"status":"skipped"},"match":{"location":"util.Hooks.afterStep()"}}],"keyword":"When "},{"result":{"status":"skipped"},"before":[{"result":{"duration":1000000,"status":"skipped"},"match":{"location":"util.Hooks.beforeStep()"}}],"line":53,"name":"should see \"Lütfen şifrenizi giriniz.\" Password Empty message","match":{"arguments":[{"val":"\"Lütfen şifrenizi giriniz.\"","offset":11}],"location":"stepDefinitions.loginPageSteps.shouldSeePasswordEmptyMessage(java.lang.String)"},"after":[{"result":{"status":"skipped"},"match":{"location":"util.Hooks.afterStep()"}}],"keyword":"Then "},{"result":{"status":"skipped"},"before":[{"result":{"status":"skipped"},"match":{"location":"util.Hooks.beforeStep()"}}],"line":54,"name":"should not see Email Empty message","match":{"location":"stepDefinitions.loginPageSteps.shouldNotSeeEmailEmptyMessage()"},"after":[{"result":{"status":"skipped"},"match":{"location":"util.Hooks.afterStep()"}}],"keyword":"Then "}],"tags":[{"name":"@LoginPage"},{"name":"@Empty"},{"name":"@Password"}]},{"start_timestamp":"2022-05-28T08:40:12.192Z","before":[{"result":{"duration":3465000000,"status":"passed"},"match":{"location":"util.Hooks.before()"}}],"line":68,"name":"Empty Email","description":"","id":"home-page;empty-email;;2","after":[{"result":{"duration":746000000,"status":"passed"},"match":{"location":"util.Hooks.after()"}}],"type":"scenario","keyword":"Scenario Outline","steps":[{"result":{"duration":8000000,"status":"passed"},"before":[{"result":{"status":"passed"},"match":{"location":"util.Hooks.beforeStep()"}}],"line":61,"name":"Berfin is on Login Page","match":{"location":"stepDefinitions.loginPageSteps.berfinIsOnLoginPage()"},"after":[{"result":{"status":"passed"},"match":{"location":"util.Hooks.afterStep()"}}],"keyword":"Given "},{"result":{"error_message":"org.openqa.selenium.TimeoutException: Expected condition failed: waiting for presence of element located by: By.xpath: //input[@placeholder='Şifreniz'] (tried for 10 second(s) with 500 milliseconds interval)\r\n\tat org.openqa.selenium.support.ui.WebDriverWait.timeoutException(WebDriverWait.java:95)\r\n\tat org.openqa.selenium.support.ui.FluentWait.until(FluentWait.java:272)\r\n\tat util.ElementHelper.presenceElement(ElementHelper.java:174)\r\n\tat util.ElementHelper.findElement(ElementHelper.java:30)\r\n\tat pages.loginPage.typePassword(loginPage.java:150)\r\n\tat stepDefinitions.loginPageSteps.typePassword(loginPageSteps.java:128)\r\n\tat ✽.type Password \"1234567890\"(file:///C:/Users/ASUS/Desktop/BootcampEgitim/Odev3/src/test/java/features/homePage.feature:62)\r\nCaused by: org.openqa.selenium.NoSuchElementException: no such element: Unable to locate element: {\"method\":\"xpath\",\"selector\":\"//input[@placeholder='Şifreniz']\"}\n  (Session info: chrome=102.0.5005.61)\nFor documentation on this error, please visit: https://www.seleniumhq.org/exceptions/no_such_element.html\nBuild info: version: '3.141.59', revision: 'e82be7d358', time: '2018-11-14T08:17:03'\nSystem info: host: 'DESKTOP-5LMJ1EQ', ip: '169.254.53.223', os.name: 'Windows 10', os.arch: 'amd64', os.version: '10.0', java.version: '1.8.0_211'\nDriver info: org.openqa.selenium.chrome.ChromeDriver\nCapabilities {acceptInsecureCerts: false, browserName: chrome, browserVersion: 102.0.5005.61, chrome: {chromedriverVersion: 102.0.5005.61 (0e59bcc00cc4..., userDataDir: C:\\Users\\ASUS\\AppData\\Local...}, goog:chromeOptions: {debuggerAddress: localhost:49184}, javascriptEnabled: true, networkConnectionEnabled: false, pageLoadStrategy: normal, platform: WINDOWS, platformName: WINDOWS, proxy: Proxy(), setWindowRect: true, strictFileInteractability: false, timeouts: {implicit: 0, pageLoad: 300000, script: 30000}, unhandledPromptBehavior: dismiss and notify, webauthn:extension:credBlob: true, webauthn:extension:largeBlob: true, webauthn:virtualAuthenticators: true}\nSession ID: cf2de3b866bc3bf51cadb860a6d467b1\n*** Element info: {Using=xpath, value=//input[@placeholder='Şifreniz']}\r\n\tat sun.reflect.NativeConstructorAccessorImpl.newInstance0(Native Method)\r\n\tat sun.reflect.NativeConstructorAccessorImpl.newInstance(NativeConstructorAccessorImpl.java:62)\r\n\tat sun.reflect.DelegatingConstructorAccessorImpl.newInstance(DelegatingConstructorAccessorImpl.java:45)\r\n\tat java.lang.reflect.Constructor.newInstance(Constructor.java:423)\r\n\tat org.openqa.selenium.remote.http.W3CHttpResponseCodec.createException(W3CHttpResponseCodec.java:187)\r\n\tat org.openqa.selenium.remote.http.W3CHttpResponseCodec.decode(W3CHttpResponseCodec.java:122)\r\n\tat org.openqa.selenium.remote.http.W3CHttpResponseCodec.decode(W3CHttpResponseCodec.java:49)\r\n\tat org.openqa.selenium.remote.HttpCommandExecutor.execute(HttpCommandExecutor.java:158)\r\n\tat org.openqa.selenium.remote.service.DriverCommandExecutor.execute(DriverCommandExecutor.java:83)\r\n\tat org.openqa.selenium.remote.RemoteWebDriver.execute(RemoteWebDriver.java:552)\r\n\tat org.openqa.selenium.remote.RemoteWebDriver.findElement(RemoteWebDriver.java:323)\r\n\tat org.openqa.selenium.remote.RemoteWebDriver.findElementByXPath(RemoteWebDriver.java:428)\r\n\tat org.openqa.selenium.By$ByXPath.findElement(By.java:353)\r\n\tat org.openqa.selenium.remote.RemoteWebDriver.findElement(RemoteWebDriver.java:315)\r\n\tat org.openqa.selenium.support.ui.ExpectedConditions$6.apply(ExpectedConditions.java:182)\r\n\tat org.openqa.selenium.support.ui.ExpectedConditions$6.apply(ExpectedConditions.java:179)\r\n\tat org.openqa.selenium.support.ui.FluentWait.until(FluentWait.java:249)\r\n\tat util.ElementHelper.presenceElement(ElementHelper.java:174)\r\n\tat util.ElementHelper.findElement(ElementHelper.java:30)\r\n\tat pages.loginPage.typePassword(loginPage.java:150)\r\n\tat stepDefinitions.loginPageSteps.typePassword(loginPageSteps.java:128)\r\n\tat sun.reflect.NativeMethodAccessorImpl.invoke0(Native Method)\r\n\tat sun.reflect.NativeMethodAccessorImpl.invoke(NativeMethodAccessorImpl.java:62)\r\n\tat sun.reflect.DelegatingMethodAccessorImpl.invoke(DelegatingMethodAccessorImpl.java:43)\r\n\tat java.lang.reflect.Method.invoke(Method.java:498)\r\n\tat io.cucumber.java.Invoker.doInvoke(Invoker.java:66)\r\n\tat io.cucumber.java.Invoker.invoke(Invoker.java:24)\r\n\tat io.cucumber.java.AbstractGlueDefinition.invokeMethod(AbstractGlueDefinition.java:47)\r\n\tat io.cucumber.java.JavaStepDefinition.execute(JavaStepDefinition.java:29)\r\n\tat io.cucumber.core.runner.CoreStepDefinition.execute(CoreStepDefinition.java:66)\r\n\tat io.cucumber.core.runner.PickleStepDefinitionMatch.runStep(PickleStepDefinitionMatch.java:63)\r\n\tat io.cucumber.core.runner.ExecutionMode$1.execute(ExecutionMode.java:10)\r\n\tat io.cucumber.core.runner.TestStep.executeStep(TestStep.java:85)\r\n\tat io.cucumber.core.runner.TestStep.run(TestStep.java:57)\r\n\tat io.cucumber.core.runner.PickleStepTestStep.run(PickleStepTestStep.java:51)\r\n\tat io.cucumber.core.runner.TestCase.run(TestCase.java:84)\r\n\tat io.cucumber.core.runner.Runner.runPickle(Runner.java:75)\r\n\tat io.cucumber.testng.TestNGCucumberRunner.lambda$runScenario$1(TestNGCucumberRunner.java:132)\r\n\tat io.cucumber.core.runtime.CucumberExecutionContext.lambda$runTestCase$5(CucumberExecutionContext.java:129)\r\n\tat io.cucumber.core.runtime.RethrowingThrowableCollector.executeAndThrow(RethrowingThrowableCollector.java:23)\r\n\tat io.cucumber.core.runtime.CucumberExecutionContext.runTestCase(CucumberExecutionContext.java:129)\r\n\tat io.cucumber.testng.TestNGCucumberRunner.runScenario(TestNGCucumberRunner.java:129)\r\n\tat io.cucumber.testng.AbstractTestNGCucumberTests.runScenario(AbstractTestNGCucumberTests.java:35)\r\n\tat sun.reflect.NativeMethodAccessorImpl.invoke0(Native Method)\r\n\tat sun.reflect.NativeMethodAccessorImpl.invoke(NativeMethodAccessorImpl.java:62)\r\n\tat sun.reflect.DelegatingMethodAccessorImpl.invoke(DelegatingMethodAccessorImpl.java:43)\r\n\tat java.lang.reflect.Method.invoke(Method.java:498)\r\n\tat org.testng.internal.invokers.MethodInvocationHelper.invokeMethod(MethodInvocationHelper.java:135)\r\n\tat org.testng.internal.invokers.TestInvoker.invokeMethod(TestInvoker.java:673)\r\n\tat org.testng.internal.invokers.TestInvoker.invokeTestMethod(TestInvoker.java:220)\r\n\tat org.testng.internal.invokers.MethodRunner.runInSequence(MethodRunner.java:50)\r\n\tat org.testng.internal.invokers.TestInvoker$MethodInvocationAgent.invoke(TestInvoker.java:945)\r\n\tat org.testng.internal.invokers.TestInvoker.invokeTestMethods(TestInvoker.java:193)\r\n\tat org.testng.internal.invokers.TestMethodWorker.invokeTestMethods(TestMethodWorker.java:146)\r\n\tat org.testng.internal.invokers.TestMethodWorker.run(TestMethodWorker.java:128)\r\n\tat java.util.ArrayList.forEach(ArrayList.java:1257)\r\n\tat org.testng.TestRunner.privateRun(TestRunner.java:808)\r\n\tat org.testng.TestRunner.run(TestRunner.java:603)\r\n\tat org.testng.SuiteRunner.runTest(SuiteRunner.java:429)\r\n\tat org.testng.SuiteRunner.runSequentially(SuiteRunner.java:423)\r\n\tat org.testng.SuiteRunner.privateRun(SuiteRunner.java:383)\r\n\tat org.testng.SuiteRunner.run(SuiteRunner.java:326)\r\n\tat org.testng.SuiteRunnerWorker.runSuite(SuiteRunnerWorker.java:52)\r\n\tat org.testng.SuiteRunnerWorker.run(SuiteRunnerWorker.java:95)\r\n\tat org.testng.TestNG.runSuitesSequentially(TestNG.java:1249)\r\n\tat org.testng.TestNG.runSuitesLocally(TestNG.java:1169)\r\n\tat org.testng.TestNG.runSuites(TestNG.java:1092)\r\n\tat org.testng.TestNG.run(TestNG.java:1060)\r\n\tat com.intellij.rt.testng.IDEARemoteTestNG.run(IDEARemoteTestNG.java:66)\r\n\tat com.intellij.rt.testng.RemoteTestNGStarter.main(RemoteTestNGStarter.java:109)\r\n","duration":10589000000,"status":"failed"},"before":[{"result":{"duration":1000000,"status":"passed"},"match":{"location":"util.Hooks.beforeStep()"}}],"line":62,"name":"type Password \"1234567890\"","match":{"arguments":[{"val":"\"1234567890\"","offset":14}],"location":"stepDefinitions.loginPageSteps.typePassword(java.lang.String)"},"after":[{"result":{"status":"passed"},"match":{"location":"util.Hooks.afterStep()"}}],"keyword":"When "},{"result":{"status":"skipped"},"before":[{"result":{"duration":1000000,"status":"skipped"},"match":{"location":"util.Hooks.beforeStep()"}}],"line":63,"name":"click login button","match":{"location":"stepDefinitions.loginPageSteps.clickLoginButton()"},"after":[{"result":{"status":"skipped"},"match":{"location":"util.Hooks.afterStep()"}}],"keyword":"When "},{"result":{"status":"skipped"},"before":[{"result":{"duration":1000000,"status":"skipped"},"match":{"location":"util.Hooks.beforeStep()"}}],"line":64,"name":"should see \"Lütfen e-posta adresinizi giriniz.\" Email Empty message","match":{"arguments":[{"val":"\"Lütfen e-posta adresinizi giriniz.\"","offset":11}],"location":"stepDefinitions.loginPageSteps.shouldSeeEmailEmptyMessage(java.lang.String)"},"after":[{"result":{"status":"skipped"},"match":{"location":"util.Hooks.afterStep()"}}],"keyword":"Then "},{"result":{"status":"skipped"},"before":[{"result":{"status":"skipped"},"match":{"location":"util.Hooks.beforeStep()"}}],"line":65,"name":"should not see Password Empty message","match":{"location":"stepDefinitions.loginPageSteps.shouldNotSeePasswordEmptyMessage()"},"after":[{"result":{"status":"skipped"},"match":{"location":"util.Hooks.afterStep()"}}],"keyword":"Then "}],"tags":[{"name":"@LoginPage"},{"name":"@Empty"},{"name":"@Email"}]},{"start_timestamp":"2022-05-28T08:40:27.026Z","before":[{"result":{"duration":3675000000,"status":"passed"},"match":{"location":"util.Hooks.before()"}}],"line":77,"name":"False Email","description":"","id":"home-page;false-email;;2","after":[{"result":{"duration":752000000,"status":"passed"},"match":{"location":"util.Hooks.after()"}}],"type":"scenario","keyword":"Scenario Outline","steps":[{"result":{"duration":14000000,"status":"passed"},"before":[{"result":{"duration":1000000,"status":"passed"},"match":{"location":"util.Hooks.beforeStep()"}}],"line":72,"name":"Berfin is on Login Page","match":{"location":"stepDefinitions.loginPageSteps.berfinIsOnLoginPage()"},"after":[{"result":{"duration":1000000,"status":"passed"},"match":{"location":"util.Hooks.afterStep()"}}],"keyword":"Given "},{"result":{"error_message":"org.openqa.selenium.TimeoutException: Expected condition failed: waiting for presence of element located by: By.cssSelector: input[placeholder='E-Posta Adresiniz'] (tried for 10 second(s) with 500 milliseconds interval)\r\n\tat org.openqa.selenium.support.ui.WebDriverWait.timeoutException(WebDriverWait.java:95)\r\n\tat org.openqa.selenium.support.ui.FluentWait.until(FluentWait.java:272)\r\n\tat util.ElementHelper.presenceElement(ElementHelper.java:174)\r\n\tat util.ElementHelper.findElement(ElementHelper.java:30)\r\n\tat pages.loginPage.typeEmailandClickLogin(loginPage.java:164)\r\n\tat stepDefinitions.loginPageSteps.typeEmailAndClickLogin(loginPageSteps.java:138)\r\n\tat ✽.type Email \"enes@mail@mail.com\" and click login(file:///C:/Users/ASUS/Desktop/BootcampEgitim/Odev3/src/test/java/features/homePage.feature:73)\r\nCaused by: org.openqa.selenium.NoSuchElementException: no such element: Unable to locate element: {\"method\":\"css selector\",\"selector\":\"input[placeholder='E-Posta Adresiniz']\"}\n  (Session info: chrome=102.0.5005.61)\nFor documentation on this error, please visit: https://www.seleniumhq.org/exceptions/no_such_element.html\nBuild info: version: '3.141.59', revision: 'e82be7d358', time: '2018-11-14T08:17:03'\nSystem info: host: 'DESKTOP-5LMJ1EQ', ip: '169.254.53.223', os.name: 'Windows 10', os.arch: 'amd64', os.version: '10.0', java.version: '1.8.0_211'\nDriver info: org.openqa.selenium.chrome.ChromeDriver\nCapabilities {acceptInsecureCerts: false, browserName: chrome, browserVersion: 102.0.5005.61, chrome: {chromedriverVersion: 102.0.5005.61 (0e59bcc00cc4..., userDataDir: C:\\Users\\ASUS\\AppData\\Local...}, goog:chromeOptions: {debuggerAddress: localhost:49225}, javascriptEnabled: true, networkConnectionEnabled: false, pageLoadStrategy: normal, platform: WINDOWS, platformName: WINDOWS, proxy: Proxy(), setWindowRect: true, strictFileInteractability: false, timeouts: {implicit: 0, pageLoad: 300000, script: 30000}, unhandledPromptBehavior: dismiss and notify, webauthn:extension:credBlob: true, webauthn:extension:largeBlob: true, webauthn:virtualAuthenticators: true}\nSession ID: 0b8b4b10b0981cf5fe73bbd263db62e4\n*** Element info: {Using=css selector, value=input[placeholder='E-Posta Adresiniz']}\r\n\tat sun.reflect.NativeConstructorAccessorImpl.newInstance0(Native Method)\r\n\tat sun.reflect.NativeConstructorAccessorImpl.newInstance(NativeConstructorAccessorImpl.java:62)\r\n\tat sun.reflect.DelegatingConstructorAccessorImpl.newInstance(DelegatingConstructorAccessorImpl.java:45)\r\n\tat java.lang.reflect.Constructor.newInstance(Constructor.java:423)\r\n\tat org.openqa.selenium.remote.http.W3CHttpResponseCodec.createException(W3CHttpResponseCodec.java:187)\r\n\tat org.openqa.selenium.remote.http.W3CHttpResponseCodec.decode(W3CHttpResponseCodec.java:122)\r\n\tat org.openqa.selenium.remote.http.W3CHttpResponseCodec.decode(W3CHttpResponseCodec.java:49)\r\n\tat org.openqa.selenium.remote.HttpCommandExecutor.execute(HttpCommandExecutor.java:158)\r\n\tat org.openqa.selenium.remote.service.DriverCommandExecutor.execute(DriverCommandExecutor.java:83)\r\n\tat org.openqa.selenium.remote.RemoteWebDriver.execute(RemoteWebDriver.java:552)\r\n\tat org.openqa.selenium.remote.RemoteWebDriver.findElement(RemoteWebDriver.java:323)\r\n\tat org.openqa.selenium.remote.RemoteWebDriver.findElementByCssSelector(RemoteWebDriver.java:420)\r\n\tat org.openqa.selenium.By$ByCssSelector.findElement(By.java:431)\r\n\tat org.openqa.selenium.remote.RemoteWebDriver.findElement(RemoteWebDriver.java:315)\r\n\tat org.openqa.selenium.support.ui.ExpectedConditions$6.apply(ExpectedConditions.java:182)\r\n\tat org.openqa.selenium.support.ui.ExpectedConditions$6.apply(ExpectedConditions.java:179)\r\n\tat org.openqa.selenium.support.ui.FluentWait.until(FluentWait.java:249)\r\n\tat util.ElementHelper.presenceElement(ElementHelper.java:174)\r\n\tat util.ElementHelper.findElement(ElementHelper.java:30)\r\n\tat pages.loginPage.typeEmailandClickLogin(loginPage.java:164)\r\n\tat stepDefinitions.loginPageSteps.typeEmailAndClickLogin(loginPageSteps.java:138)\r\n\tat sun.reflect.NativeMethodAccessorImpl.invoke0(Native Method)\r\n\tat sun.reflect.NativeMethodAccessorImpl.invoke(NativeMethodAccessorImpl.java:62)\r\n\tat sun.reflect.DelegatingMethodAccessorImpl.invoke(DelegatingMethodAccessorImpl.java:43)\r\n\tat java.lang.reflect.Method.invoke(Method.java:498)\r\n\tat io.cucumber.java.Invoker.doInvoke(Invoker.java:66)\r\n\tat io.cucumber.java.Invoker.invoke(Invoker.java:24)\r\n\tat io.cucumber.java.AbstractGlueDefinition.invokeMethod(AbstractGlueDefinition.java:47)\r\n\tat io.cucumber.java.JavaStepDefinition.execute(JavaStepDefinition.java:29)\r\n\tat io.cucumber.core.runner.CoreStepDefinition.execute(CoreStepDefinition.java:66)\r\n\tat io.cucumber.core.runner.PickleStepDefinitionMatch.runStep(PickleStepDefinitionMatch.java:63)\r\n\tat io.cucumber.core.runner.ExecutionMode$1.execute(ExecutionMode.java:10)\r\n\tat io.cucumber.core.runner.TestStep.executeStep(TestStep.java:85)\r\n\tat io.cucumber.core.runner.TestStep.run(TestStep.java:57)\r\n\tat io.cucumber.core.runner.PickleStepTestStep.run(PickleStepTestStep.java:51)\r\n\tat io.cucumber.core.runner.TestCase.run(TestCase.java:84)\r\n\tat io.cucumber.core.runner.Runner.runPickle(Runner.java:75)\r\n\tat io.cucumber.testng.TestNGCucumberRunner.lambda$runScenario$1(TestNGCucumberRunner.java:132)\r\n\tat io.cucumber.core.runtime.CucumberExecutionContext.lambda$runTestCase$5(CucumberExecutionContext.java:129)\r\n\tat io.cucumber.core.runtime.RethrowingThrowableCollector.executeAndThrow(RethrowingThrowableCollector.java:23)\r\n\tat io.cucumber.core.runtime.CucumberExecutionContext.runTestCase(CucumberExecutionContext.java:129)\r\n\tat io.cucumber.testng.TestNGCucumberRunner.runScenario(TestNGCucumberRunner.java:129)\r\n\tat io.cucumber.testng.AbstractTestNGCucumberTests.runScenario(AbstractTestNGCucumberTests.java:35)\r\n\tat sun.reflect.NativeMethodAccessorImpl.invoke0(Native Method)\r\n\tat sun.reflect.NativeMethodAccessorImpl.invoke(NativeMethodAccessorImpl.java:62)\r\n\tat sun.reflect.DelegatingMethodAccessorImpl.invoke(DelegatingMethodAccessorImpl.java:43)\r\n\tat java.lang.reflect.Method.invoke(Method.java:498)\r\n\tat org.testng.internal.invokers.MethodInvocationHelper.invokeMethod(MethodInvocationHelper.java:135)\r\n\tat org.testng.internal.invokers.TestInvoker.invokeMethod(TestInvoker.java:673)\r\n\tat org.testng.internal.invokers.TestInvoker.invokeTestMethod(TestInvoker.java:220)\r\n\tat org.testng.internal.invokers.MethodRunner.runInSequence(MethodRunner.java:50)\r\n\tat org.testng.internal.invokers.TestInvoker$MethodInvocationAgent.invoke(TestInvoker.java:945)\r\n\tat org.testng.internal.invokers.TestInvoker.invokeTestMethods(TestInvoker.java:193)\r\n\tat org.testng.internal.invokers.TestMethodWorker.invokeTestMethods(TestMethodWorker.java:146)\r\n\tat org.testng.internal.invokers.TestMethodWorker.run(TestMethodWorker.java:128)\r\n\tat java.util.ArrayList.forEach(ArrayList.java:1257)\r\n\tat org.testng.TestRunner.privateRun(TestRunner.java:808)\r\n\tat org.testng.TestRunner.run(TestRunner.java:603)\r\n\tat org.testng.SuiteRunner.runTest(SuiteRunner.java:429)\r\n\tat org.testng.SuiteRunner.runSequentially(SuiteRunner.java:423)\r\n\tat org.testng.SuiteRunner.privateRun(SuiteRunner.java:383)\r\n\tat org.testng.SuiteRunner.run(SuiteRunner.java:326)\r\n\tat org.testng.SuiteRunnerWorker.runSuite(SuiteRunnerWorker.java:52)\r\n\tat org.testng.SuiteRunnerWorker.run(SuiteRunnerWorker.java:95)\r\n\tat org.testng.TestNG.runSuitesSequentially(TestNG.java:1249)\r\n\tat org.testng.TestNG.runSuitesLocally(TestNG.java:1169)\r\n\tat org.testng.TestNG.runSuites(TestNG.java:1092)\r\n\tat org.testng.TestNG.run(TestNG.java:1060)\r\n\tat com.intellij.rt.testng.IDEARemoteTestNG.run(IDEARemoteTestNG.java:66)\r\n\tat com.intellij.rt.testng.RemoteTestNGStarter.main(RemoteTestNGStarter.java:109)\r\n","duration":10550000000,"status":"failed"},"before":[{"result":{"duration":1000000,"status":"passed"},"match":{"location":"util.Hooks.beforeStep()"}}],"line":73,"name":"type Email \"enes@mail@mail.com\" and click login","match":{"arguments":[{"val":"\"enes@mail@mail.com\"","offset":11}],"location":"stepDefinitions.loginPageSteps.typeEmailAndClickLogin(java.lang.String)"},"after":[{"result":{"status":"passed"},"match":{"location":"util.Hooks.afterStep()"}}],"keyword":"When "},{"result":{"status":"skipped"},"before":[{"result":{"status":"skipped"},"match":{"location":"util.Hooks.beforeStep()"}}],"line":74,"name":"should see \"Lütfen geçerli bir e-posta adresi giriniz.\" Email False message","match":{"arguments":[{"val":"\"Lütfen geçerli bir e-posta adresi giriniz.\"","offset":11}],"location":"stepDefinitions.loginPageSteps.shouldSeeEmailFalseMessage(java.lang.String)"},"after":[{"result":{"status":"skipped"},"match":{"location":"util.Hooks.afterStep()"}}],"keyword":"Then "}],"tags":[{"name":"@LoginPage"},{"name":"@False"},{"name":"@Password"}]},{"start_timestamp":"2022-05-28T08:40:42.046Z","before":[{"result":{"duration":3598000000,"status":"passed"},"match":{"location":"util.Hooks.before()"}}],"line":86,"name":"False Login","description":"","id":"home-page;false-login;;2","after":[{"result":{"duration":768000000,"status":"passed"},"match":{"location":"util.Hooks.after()"}}],"type":"scenario","keyword":"Scenario Outline","steps":[{"result":{"duration":8000000,"status":"passed"},"before":[{"result":{"status":"passed"},"match":{"location":"util.Hooks.beforeStep()"}}],"line":81,"name":"Berfin is on Login Page","match":{"location":"stepDefinitions.loginPageSteps.berfinIsOnLoginPage()"},"after":[{"result":{"status":"passed"},"match":{"location":"util.Hooks.afterStep()"}}],"keyword":"Given "},{"result":{"error_message":"org.openqa.selenium.TimeoutException: Expected condition failed: waiting for presence of element located by: By.cssSelector: input[placeholder='E-Posta Adresiniz'] (tried for 10 second(s) with 500 milliseconds interval)\r\n\tat org.openqa.selenium.support.ui.WebDriverWait.timeoutException(WebDriverWait.java:95)\r\n\tat org.openqa.selenium.support.ui.FluentWait.until(FluentWait.java:272)\r\n\tat util.ElementHelper.presenceElement(ElementHelper.java:174)\r\n\tat util.ElementHelper.findElement(ElementHelper.java:30)\r\n\tat pages.loginPage.typeEmailPasswordAndClickLogin(loginPage.java:170)\r\n\tat stepDefinitions.loginPageSteps.typeEmailPasswordAndClickLogin(loginPageSteps.java:148)\r\n\tat ✽.type Email \"enes@mail.com\", Password \"123\" and click login(file:///C:/Users/ASUS/Desktop/BootcampEgitim/Odev3/src/test/java/features/homePage.feature:82)\r\nCaused by: org.openqa.selenium.NoSuchElementException: no such element: Unable to locate element: {\"method\":\"css selector\",\"selector\":\"input[placeholder='E-Posta Adresiniz']\"}\n  (Session info: chrome=102.0.5005.61)\nFor documentation on this error, please visit: https://www.seleniumhq.org/exceptions/no_such_element.html\nBuild info: version: '3.141.59', revision: 'e82be7d358', time: '2018-11-14T08:17:03'\nSystem info: host: 'DESKTOP-5LMJ1EQ', ip: '169.254.53.223', os.name: 'Windows 10', os.arch: 'amd64', os.version: '10.0', java.version: '1.8.0_211'\nDriver info: org.openqa.selenium.chrome.ChromeDriver\nCapabilities {acceptInsecureCerts: false, browserName: chrome, browserVersion: 102.0.5005.61, chrome: {chromedriverVersion: 102.0.5005.61 (0e59bcc00cc4..., userDataDir: C:\\Users\\ASUS\\AppData\\Local...}, goog:chromeOptions: {debuggerAddress: localhost:49265}, javascriptEnabled: true, networkConnectionEnabled: false, pageLoadStrategy: normal, platform: WINDOWS, platformName: WINDOWS, proxy: Proxy(), setWindowRect: true, strictFileInteractability: false, timeouts: {implicit: 0, pageLoad: 300000, script: 30000}, unhandledPromptBehavior: dismiss and notify, webauthn:extension:credBlob: true, webauthn:extension:largeBlob: true, webauthn:virtualAuthenticators: true}\nSession ID: 26b186f30477b93043d18825eb3ebaa7\n*** Element info: {Using=css selector, value=input[placeholder='E-Posta Adresiniz']}\r\n\tat sun.reflect.NativeConstructorAccessorImpl.newInstance0(Native Method)\r\n\tat sun.reflect.NativeConstructorAccessorImpl.newInstance(NativeConstructorAccessorImpl.java:62)\r\n\tat sun.reflect.DelegatingConstructorAccessorImpl.newInstance(DelegatingConstructorAccessorImpl.java:45)\r\n\tat java.lang.reflect.Constructor.newInstance(Constructor.java:423)\r\n\tat org.openqa.selenium.remote.http.W3CHttpResponseCodec.createException(W3CHttpResponseCodec.java:187)\r\n\tat org.openqa.selenium.remote.http.W3CHttpResponseCodec.decode(W3CHttpResponseCodec.java:122)\r\n\tat org.openqa.selenium.remote.http.W3CHttpResponseCodec.decode(W3CHttpResponseCodec.java:49)\r\n\tat org.openqa.selenium.remote.HttpCommandExecutor.execute(HttpCommandExecutor.java:158)\r\n\tat org.openqa.selenium.remote.service.DriverCommandExecutor.execute(DriverCommandExecutor.java:83)\r\n\tat org.openqa.selenium.remote.RemoteWebDriver.execute(RemoteWebDriver.java:552)\r\n\tat org.openqa.selenium.remote.RemoteWebDriver.findElement(RemoteWebDriver.java:323)\r\n\tat org.openqa.selenium.remote.RemoteWebDriver.findElementByCssSelector(RemoteWebDriver.java:420)\r\n\tat org.openqa.selenium.By$ByCssSelector.findElement(By.java:431)\r\n\tat org.openqa.selenium.remote.RemoteWebDriver.findElement(RemoteWebDriver.java:315)\r\n\tat org.openqa.selenium.support.ui.ExpectedConditions$6.apply(ExpectedConditions.java:182)\r\n\tat org.openqa.selenium.support.ui.ExpectedConditions$6.apply(ExpectedConditions.java:179)\r\n\tat org.openqa.selenium.support.ui.FluentWait.until(FluentWait.java:249)\r\n\tat util.ElementHelper.presenceElement(ElementHelper.java:174)\r\n\tat util.ElementHelper.findElement(ElementHelper.java:30)\r\n\tat pages.loginPage.typeEmailPasswordAndClickLogin(loginPage.java:170)\r\n\tat stepDefinitions.loginPageSteps.typeEmailPasswordAndClickLogin(loginPageSteps.java:148)\r\n\tat sun.reflect.NativeMethodAccessorImpl.invoke0(Native Method)\r\n\tat sun.reflect.NativeMethodAccessorImpl.invoke(NativeMethodAccessorImpl.java:62)\r\n\tat sun.reflect.DelegatingMethodAccessorImpl.invoke(DelegatingMethodAccessorImpl.java:43)\r\n\tat java.lang.reflect.Method.invoke(Method.java:498)\r\n\tat io.cucumber.java.Invoker.doInvoke(Invoker.java:66)\r\n\tat io.cucumber.java.Invoker.invoke(Invoker.java:24)\r\n\tat io.cucumber.java.AbstractGlueDefinition.invokeMethod(AbstractGlueDefinition.java:47)\r\n\tat io.cucumber.java.JavaStepDefinition.execute(JavaStepDefinition.java:29)\r\n\tat io.cucumber.core.runner.CoreStepDefinition.execute(CoreStepDefinition.java:66)\r\n\tat io.cucumber.core.runner.PickleStepDefinitionMatch.runStep(PickleStepDefinitionMatch.java:63)\r\n\tat io.cucumber.core.runner.ExecutionMode$1.execute(ExecutionMode.java:10)\r\n\tat io.cucumber.core.runner.TestStep.executeStep(TestStep.java:85)\r\n\tat io.cucumber.core.runner.TestStep.run(TestStep.java:57)\r\n\tat io.cucumber.core.runner.PickleStepTestStep.run(PickleStepTestStep.java:51)\r\n\tat io.cucumber.core.runner.TestCase.run(TestCase.java:84)\r\n\tat io.cucumber.core.runner.Runner.runPickle(Runner.java:75)\r\n\tat io.cucumber.testng.TestNGCucumberRunner.lambda$runScenario$1(TestNGCucumberRunner.java:132)\r\n\tat io.cucumber.core.runtime.CucumberExecutionContext.lambda$runTestCase$5(CucumberExecutionContext.java:129)\r\n\tat io.cucumber.core.runtime.RethrowingThrowableCollector.executeAndThrow(RethrowingThrowableCollector.java:23)\r\n\tat io.cucumber.core.runtime.CucumberExecutionContext.runTestCase(CucumberExecutionContext.java:129)\r\n\tat io.cucumber.testng.TestNGCucumberRunner.runScenario(TestNGCucumberRunner.java:129)\r\n\tat io.cucumber.testng.AbstractTestNGCucumberTests.runScenario(AbstractTestNGCucumberTests.java:35)\r\n\tat sun.reflect.NativeMethodAccessorImpl.invoke0(Native Method)\r\n\tat sun.reflect.NativeMethodAccessorImpl.invoke(NativeMethodAccessorImpl.java:62)\r\n\tat sun.reflect.DelegatingMethodAccessorImpl.invoke(DelegatingMethodAccessorImpl.java:43)\r\n\tat java.lang.reflect.Method.invoke(Method.java:498)\r\n\tat org.testng.internal.invokers.MethodInvocationHelper.invokeMethod(MethodInvocationHelper.java:135)\r\n\tat org.testng.internal.invokers.TestInvoker.invokeMethod(TestInvoker.java:673)\r\n\tat org.testng.internal.invokers.TestInvoker.invokeTestMethod(TestInvoker.java:220)\r\n\tat org.testng.internal.invokers.MethodRunner.runInSequence(MethodRunner.java:50)\r\n\tat org.testng.internal.invokers.TestInvoker$MethodInvocationAgent.invoke(TestInvoker.java:945)\r\n\tat org.testng.internal.invokers.TestInvoker.invokeTestMethods(TestInvoker.java:193)\r\n\tat org.testng.internal.invokers.TestMethodWorker.invokeTestMethods(TestMethodWorker.java:146)\r\n\tat org.testng.internal.invokers.TestMethodWorker.run(TestMethodWorker.java:128)\r\n\tat java.util.ArrayList.forEach(ArrayList.java:1257)\r\n\tat org.testng.TestRunner.privateRun(TestRunner.java:808)\r\n\tat org.testng.TestRunner.run(TestRunner.java:603)\r\n\tat org.testng.SuiteRunner.runTest(SuiteRunner.java:429)\r\n\tat org.testng.SuiteRunner.runSequentially(SuiteRunner.java:423)\r\n\tat org.testng.SuiteRunner.privateRun(SuiteRunner.java:383)\r\n\tat org.testng.SuiteRunner.run(SuiteRunner.java:326)\r\n\tat org.testng.SuiteRunnerWorker.runSuite(SuiteRunnerWorker.java:52)\r\n\tat org.testng.SuiteRunnerWorker.run(SuiteRunnerWorker.java:95)\r\n\tat org.testng.TestNG.runSuitesSequentially(TestNG.java:1249)\r\n\tat org.testng.TestNG.runSuitesLocally(TestNG.java:1169)\r\n\tat org.testng.TestNG.runSuites(TestNG.java:1092)\r\n\tat org.testng.TestNG.run(TestNG.java:1060)\r\n\tat com.intellij.rt.testng.IDEARemoteTestNG.run(IDEARemoteTestNG.java:66)\r\n\tat com.intellij.rt.testng.RemoteTestNGStarter.main(RemoteTestNGStarter.java:109)\r\n","duration":10549000000,"status":"failed"},"before":[{"result":{"status":"passed"},"match":{"location":"util.Hooks.beforeStep()"}}],"line":82,"name":"type Email \"enes@mail.com\", Password \"123\" and click login","match":{"arguments":[{"val":"\"enes@mail.com\"","offset":11},{"val":"\"123\"","offset":37}],"location":"stepDefinitions.loginPageSteps.typeEmailPasswordAndClickLogin(java.lang.String,java.lang.String)"},"after":[{"result":{"duration":1000000,"status":"passed"},"match":{"location":"util.Hooks.afterStep()"}}],"keyword":"When "},{"result":{"status":"skipped"},"before":[{"result":{"status":"skipped"},"match":{"location":"util.Hooks.beforeStep()"}}],"line":83,"name":"should see \"Lütfen E-posta Adresinizi ya da Şifrenizi Kontrol Ediniz.\" Login Error message","match":{"arguments":[{"val":"\"Lütfen E-posta Adresinizi ya da Şifrenizi Kontrol Ediniz.\"","offset":11}],"location":"stepDefinitions.loginPageSteps.shouldSeeLoginErrorMessage(java.lang.String)"},"after":[{"result":{"status":"skipped"},"match":{"location":"util.Hooks.afterStep()"}}],"keyword":"Then "}],"tags":[{"name":"@LoginPage"},{"name":"@FalseLogin"}]}],"name":"Home Page","description":"","id":"home-page","keyword":"Feature","uri":"file:src/test/java/features/homePage.feature","tags":[{"name":"@LoginPage","type":"Tag","location":{"line":1,"column":1}}]}]